<?xml version="1.0" encoding="UTF-8"?>
<testng-results skipped="0" failed="0" ignored="0" total="1" passed="1">
  <reporter-output>
  </reporter-output>
  <suite name="Command line suite" duration-ms="11184" started-at="2019-01-12T18:23:27Z" finished-at="2019-01-12T18:23:38Z">
    <groups>
    </groups>
    <test name="Command line test" duration-ms="11184" started-at="2019-01-12T18:23:27Z" finished-at="2019-01-12T18:23:38Z">
      <class name="pageObject.OrangeTest">
        <test-method status="PASS" signature="negativeLogin()[pri:0, instance:pageObject.OrangeTest@246ae04d]" name="negativeLogin" duration-ms="11158" started-at="2019-01-12T18:23:27Z" finished-at="2019-01-12T18:23:38Z">
          <reporter-output>
          </reporter-output>
        </test-method> <!-- negativeLogin -->
      </class> <!-- pageObject.OrangeTest -->
    </test> <!-- Command line test -->
  </suite> <!-- Command line suite -->
</testng-results>
